2024-11-26T23:20:20.262+0200 [DEBUG] [org.gradle.launcher.daemon.bootstrap.DaemonMain] Assuming the daemon was started with following jvm opts: [--add-opens=java.base/java.util=ALL-UNNAMED, --add-opens=java.base/java.lang=ALL-UNNAMED, --add-opens=java.base/java.lang.invoke=ALL-UNNAMED, --add-opens=java.prefs/java.util.prefs=ALL-UNNAMED, --add-opens=java.base/java.nio.charset=ALL-UNNAMED, --add-opens=java.base/java.net=ALL-UNNAMED, --add-opens=java.base/java.util.concurrent.atomic=ALL-UNNAMED, -Xmx2048m, -Dfile.encoding=UTF-8, -Duser.country=UA, -Duser.language=uk, -Duser.variant]
2024-11-26T23:20:20.363+0200 [INFO] [org.gradle.launcher.daemon.server.Daemon] start() called on daemon - DefaultDaemonContext[uid=19536d80-3675-44c4-9f75-a233095e0ae6,javaHome=/Applications/Android Studio.app/Contents/jbr/Contents/Home,daemonRegistryDir=/Users/orest/AndroidStudioProjects/MobileApplicationLabs/Lab3/daemon,pid=48244,idleTimeout=10800000,priority=NORMAL,applyInstrumentationAgent=true,daemonOpts=--add-opens=java.base/java.util=ALL-UNNAMED,--add-opens=java.base/java.lang=ALL-UNNAMED,--add-opens=java.base/java.lang.invoke=ALL-UNNAMED,--add-opens=java.prefs/java.util.prefs=ALL-UNNAMED,--add-opens=java.base/java.nio.charset=ALL-UNNAMED,--add-opens=java.base/java.net=ALL-UNNAMED,--add-opens=java.base/java.util.concurrent.atomic=ALL-UNNAMED,-Xmx2048m,-Dfile.encoding=UTF-8,-Duser.country=UA,-Duser.language=uk,-Duser.variant]
2024-11-26T23:20:20.402+0200 [DEBUG] [org.gradle.internal.remote.internal.inet.InetAddresses] Adding IP addresses for network interface utun5
2024-11-26T23:20:20.403+0200 [DEBUG] [org.gradle.internal.remote.internal.inet.InetAddresses] Is this a loopback interface? false
2024-11-26T23:20:20.403+0200 [DEBUG] [org.gradle.internal.remote.internal.inet.InetAddresses] Adding remote address /fe80:0:0:0:9006:470c:2145:319c%utun5
2024-11-26T23:20:20.403+0200 [DEBUG] [org.gradle.internal.remote.internal.inet.InetAddresses] Adding IP addresses for network interface utun4
2024-11-26T23:20:20.403+0200 [DEBUG] [org.gradle.internal.remote.internal.inet.InetAddresses] Is this a loopback interface? false
2024-11-26T23:20:20.403+0200 [DEBUG] [org.gradle.internal.remote.internal.inet.InetAddresses] Adding remote address /fe80:0:0:0:89f8:88b4:c0b1:b560%utun4
2024-11-26T23:20:20.403+0200 [DEBUG] [org.gradle.internal.remote.internal.inet.InetAddresses] Adding IP addresses for network interface utun3
2024-11-26T23:20:20.403+0200 [DEBUG] [org.gradle.internal.remote.internal.inet.InetAddresses] Is this a loopback interface? false
2024-11-26T23:20:20.404+0200 [DEBUG] [org.gradle.internal.remote.internal.inet.InetAddresses] Adding remote address /fe80:0:0:0:e2dd:7325:ff2f:c7d3%utun3
2024-11-26T23:20:20.404+0200 [DEBUG] [org.gradle.internal.remote.internal.inet.InetAddresses] Adding IP addresses for network interface utun2
2024-11-26T23:20:20.404+0200 [DEBUG] [org.gradle.internal.remote.internal.inet.InetAddresses] Is this a loopback interface? false
2024-11-26T23:20:20.404+0200 [DEBUG] [org.gradle.internal.remote.internal.inet.InetAddresses] Adding remote address /fe80:0:0:0:ce81:b1c:bd2c:69e%utun2
2024-11-26T23:20:20.404+0200 [DEBUG] [org.gradle.internal.remote.internal.inet.InetAddresses] Adding IP addresses for network interface utun1
2024-11-26T23:20:20.404+0200 [DEBUG] [org.gradle.internal.remote.internal.inet.InetAddresses] Is this a loopback interface? false
2024-11-26T23:20:20.404+0200 [DEBUG] [org.gradle.internal.remote.internal.inet.InetAddresses] Adding remote address /fe80:0:0:0:ea25:614:fef2:859%utun1
2024-11-26T23:20:20.405+0200 [DEBUG] [org.gradle.internal.remote.internal.inet.InetAddresses] Adding IP addresses for network interface utun0
2024-11-26T23:20:20.405+0200 [DEBUG] [org.gradle.internal.remote.internal.inet.InetAddresses] Is this a loopback interface? false
2024-11-26T23:20:20.405+0200 [DEBUG] [org.gradle.internal.remote.internal.inet.InetAddresses] Adding remote address /fe80:0:0:0:4d14:c775:fc46:3b50%utun0
2024-11-26T23:20:20.405+0200 [DEBUG] [org.gradle.internal.remote.internal.inet.InetAddresses] Adding IP addresses for network interface llw0
2024-11-26T23:20:20.405+0200 [DEBUG] [org.gradle.internal.remote.internal.inet.InetAddresses] Is this a loopback interface? false
2024-11-26T23:20:20.405+0200 [DEBUG] [org.gradle.internal.remote.internal.inet.InetAddresses] Adding remote address /fe80:0:0:0:1031:daff:fedd:f3d4%llw0
2024-11-26T23:20:20.405+0200 [DEBUG] [org.gradle.internal.remote.internal.inet.InetAddresses] Adding IP addresses for network interface awdl0
2024-11-26T23:20:20.405+0200 [DEBUG] [org.gradle.internal.remote.internal.inet.InetAddresses] Is this a loopback interface? false
2024-11-26T23:20:20.405+0200 [DEBUG] [org.gradle.internal.remote.internal.inet.InetAddresses] Adding remote address /fe80:0:0:0:1031:daff:fedd:f3d4%awdl0
2024-11-26T23:20:20.406+0200 [DEBUG] [org.gradle.internal.remote.internal.inet.InetAddresses] Adding IP addresses for network interface ap1
2024-11-26T23:20:20.406+0200 [DEBUG] [org.gradle.internal.remote.internal.inet.InetAddresses] Is this a loopback interface? false
2024-11-26T23:20:20.406+0200 [DEBUG] [org.gradle.internal.remote.internal.inet.InetAddresses] Adding remote address /fe80:0:0:0:748f:3cff:feb7:3761%ap1
2024-11-26T23:20:20.406+0200 [DEBUG] [org.gradle.internal.remote.internal.inet.InetAddresses] Adding IP addresses for network interface en0
2024-11-26T23:20:20.406+0200 [DEBUG] [org.gradle.internal.remote.internal.inet.InetAddresses] Is this a loopback interface? false
2024-11-26T23:20:20.406+0200 [DEBUG] [org.gradle.internal.remote.internal.inet.InetAddresses] Adding remote address /192.168.1.102
2024-11-26T23:20:20.406+0200 [DEBUG] [org.gradle.internal.remote.internal.inet.InetAddresses] Adding IP addresses for network interface lo0
2024-11-26T23:20:20.406+0200 [DEBUG] [org.gradle.internal.remote.internal.inet.InetAddresses] Is this a loopback interface? true
2024-11-26T23:20:20.407+0200 [DEBUG] [org.gradle.internal.remote.internal.inet.InetAddresses] Ignoring remote address on loopback interface /fe80:0:0:0:0:0:0:1%lo0
2024-11-26T23:20:20.407+0200 [DEBUG] [org.gradle.internal.remote.internal.inet.InetAddresses] Adding loopback address /0:0:0:0:0:0:0:1%lo0
2024-11-26T23:20:20.407+0200 [DEBUG] [org.gradle.internal.remote.internal.inet.InetAddresses] Adding loopback address /127.0.0.1
2024-11-26T23:20:20.410+0200 [DEBUG] [org.gradle.internal.remote.internal.inet.TcpIncomingConnector] Listening on [7503bf05-68ae-4278-bbe9-cc04d3f55694 port:52909, addresses:[localhost/127.0.0.1]].
2024-11-26T23:20:20.422+0200 [DEBUG] [org.gradle.launcher.daemon.server.Daemon] Daemon starting at: Tue Nov 26 23:20:20 EET 2024, with address: [7503bf05-68ae-4278-bbe9-cc04d3f55694 port:52909, addresses:[localhost/127.0.0.1]]
2024-11-26T23:20:20.422+0200 [INFO] [org.gradle.launcher.daemon.server.DaemonRegistryUpdater] Advertising the daemon address to the clients: [7503bf05-68ae-4278-bbe9-cc04d3f55694 port:52909, addresses:[localhost/127.0.0.1]]
2024-11-26T23:20:20.423+0200 [DEBUG] [org.gradle.launcher.daemon.server.DaemonRegistryUpdater] Advertised daemon context: DefaultDaemonContext[uid=19536d80-3675-44c4-9f75-a233095e0ae6,javaHome=/Applications/Android Studio.app/Contents/jbr/Contents/Home,daemonRegistryDir=/Users/orest/AndroidStudioProjects/MobileApplicationLabs/Lab3/daemon,pid=48244,idleTimeout=10800000,priority=NORMAL,applyInstrumentationAgent=true,daemonOpts=--add-opens=java.base/java.util=ALL-UNNAMED,--add-opens=java.base/java.lang=ALL-UNNAMED,--add-opens=java.base/java.lang.invoke=ALL-UNNAMED,--add-opens=java.prefs/java.util.prefs=ALL-UNNAMED,--add-opens=java.base/java.nio.charset=ALL-UNNAMED,--add-opens=java.base/java.net=ALL-UNNAMED,--add-opens=java.base/java.util.concurrent.atomic=ALL-UNNAMED,-Xmx2048m,-Dfile.encoding=UTF-8,-Duser.country=UA,-Duser.language=uk,-Duser.variant]
2024-11-26T23:20:20.423+0200 [DEBUG] [org.gradle.launcher.daemon.registry.PersistentDaemonRegistry] Storing daemon address: [7503bf05-68ae-4278-bbe9-cc04d3f55694 port:52909, addresses:[localhost/127.0.0.1]], context: DefaultDaemonContext[uid=19536d80-3675-44c4-9f75-a233095e0ae6,javaHome=/Applications/Android Studio.app/Contents/jbr/Contents/Home,daemonRegistryDir=/Users/orest/AndroidStudioProjects/MobileApplicationLabs/Lab3/daemon,pid=48244,idleTimeout=10800000,priority=NORMAL,applyInstrumentationAgent=true,daemonOpts=--add-opens=java.base/java.util=ALL-UNNAMED,--add-opens=java.base/java.lang=ALL-UNNAMED,--add-opens=java.base/java.lang.invoke=ALL-UNNAMED,--add-opens=java.prefs/java.util.prefs=ALL-UNNAMED,--add-opens=java.base/java.nio.charset=ALL-UNNAMED,--add-opens=java.base/java.net=ALL-UNNAMED,--add-opens=java.base/java.util.concurrent.atomic=ALL-UNNAMED,-Xmx2048m,-Dfile.encoding=UTF-8,-Duser.country=UA,-Duser.language=uk,-Duser.variant]
2024-11-26T23:20:20.433+0200 [DEBUG] [org.gradle.cache.internal.DefaultFileLockManager] Waiting to acquire exclusive lock on daemon addresses registry.
2024-11-26T23:20:20.435+0200 [DEBUG] [org.gradle.cache.internal.DefaultFileLockManager] Lock acquired on daemon addresses registry.
2024-11-26T23:20:20.437+0200 [DEBUG] [org.gradle.cache.internal.DefaultFileLockManager] Releasing lock on daemon addresses registry.
2024-11-26T23:20:20.437+0200 [LIFECYCLE] [org.gradle.launcher.daemon.server.Daemon] Daemon server started.
2024-11-26T23:20:20.438+0200 [DEBUG] [org.gradle.launcher.daemon.bootstrap.DaemonStartupCommunication] Completed writing the daemon greeting. Closing streams...
2024-11-26T23:20:20.440+0200 [DEBUG] [org.gradle.launcher.daemon.server.Daemon] stopOnExpiration() called on daemon
2024-11-26T23:20:20.441+0200 [DEBUG] [org.gradle.launcher.daemon.server.Daemon] awaitExpiration() called on daemon
2024-11-26T23:20:20.441+0200 [DEBUG] [org.gradle.launcher.daemon.server.DaemonStateCoordinator] daemon is running. Sleeping until state changes.
2024-11-26T23:20:20.446+0200 [DEBUG] [org.gradle.internal.remote.internal.inet.TcpIncomingConnector] Accepted connection from /127.0.0.1:52910 to /127.0.0.1:52909.
2024-11-26T23:20:20.494+0200 [DEBUG] [org.gradle.launcher.daemon.server.SynchronizedDispatchConnection] thread 31: received class org.gradle.launcher.daemon.protocol.Build
2024-11-26T23:20:20.494+0200 [DEBUG] [org.gradle.launcher.daemon.server.DefaultDaemonConnection] thread 31: Received non-IO message from client: Build{id=cf8e7608-e025-4d45-b761-d51c7b5c6978, currentDir=/Users/orest/AndroidStudioProjects/MobileApplicationLabs/Lab3}
2024-11-26T23:20:20.494+0200 [INFO] [org.gradle.launcher.daemon.server.DefaultIncomingConnectionHandler] Received command: Build{id=cf8e7608-e025-4d45-b761-d51c7b5c6978, currentDir=/Users/orest/AndroidStudioProjects/MobileApplicationLabs/Lab3}.
2024-11-26T23:20:20.495+0200 [DEBUG] [org.gradle.launcher.daemon.server.DefaultIncomingConnectionHandler] Starting executing command: Build{id=cf8e7608-e025-4d45-b761-d51c7b5c6978, currentDir=/Users/orest/AndroidStudioProjects/MobileApplicationLabs/Lab3} with connection: socket connection from /127.0.0.1:52909 to /127.0.0.1:52910.
2024-11-26T23:20:20.496+0200 [DEBUG] [org.gradle.launcher.daemon.server.DaemonStateCoordinator] Command execution: started DaemonCommandExecution[command = Build{id=cf8e7608-e025-4d45-b761-d51c7b5c6978, currentDir=/Users/orest/AndroidStudioProjects/MobileApplicationLabs/Lab3}, connection = DefaultDaemonConnection: socket connection from /127.0.0.1:52909 to /127.0.0.1:52910] after 0.0 minutes of idle
2024-11-26T23:20:20.496+0200 [INFO] [org.gradle.launcher.daemon.server.DaemonRegistryUpdater] Marking the daemon as busy, address: [7503bf05-68ae-4278-bbe9-cc04d3f55694 port:52909, addresses:[localhost/127.0.0.1]]
2024-11-26T23:20:20.496+0200 [DEBUG] [org.gradle.launcher.daemon.registry.PersistentDaemonRegistry] Marking busy by address: [7503bf05-68ae-4278-bbe9-cc04d3f55694 port:52909, addresses:[localhost/127.0.0.1]]
2024-11-26T23:20:20.496+0200 [DEBUG] [org.gradle.cache.internal.DefaultFileLockManager] Waiting to acquire exclusive lock on daemon addresses registry.
2024-11-26T23:20:20.496+0200 [DEBUG] [org.gradle.cache.internal.DefaultFileLockManager] Lock acquired on daemon addresses registry.
2024-11-26T23:20:20.497+0200 [DEBUG] [org.gradle.cache.internal.DefaultFileLockManager] Releasing lock on daemon addresses registry.
2024-11-26T23:20:20.497+0200 [DEBUG] [org.gradle.launcher.daemon.server.DaemonStateCoordinator] resetting idle timer
2024-11-26T23:20:20.497+0200 [DEBUG] [org.gradle.launcher.daemon.server.DaemonStateCoordinator] daemon is running. Sleeping until state changes.
2024-11-26T23:20:20.497+0200 [INFO] [org.gradle.launcher.daemon.server.exec.StartBuildOrRespondWithBusy] Daemon is about to start building Build{id=cf8e7608-e025-4d45-b761-d51c7b5c6978, currentDir=/Users/orest/AndroidStudioProjects/MobileApplicationLabs/Lab3}. Dispatching build started information...
2024-11-26T23:20:20.498+0200 [DEBUG] [org.gradle.launcher.daemon.server.SynchronizedDispatchConnection] thread 33: dispatching org.gradle.launcher.daemon.protocol.BuildStarted@47e5ed40
2024-11-26T23:20:20.499+0200 [DEBUG] [org.gradle.launcher.daemon.server.exec.EstablishBuildEnvironment] Configuring env variables: [PATH, GSETTINGS_SCHEMA_DIR_CONDA_BACKUP, MANPATH, CONDA_DEFAULT_ENV, CONDA_EXE, CONDA_PYTHON_EXE, HOMEBREW_PREFIX, COMMAND_MODE, CONDA_PREFIX, DISPLAY, _CE_M, LOGNAME, HOMEBREW_REPOSITORY, XPC_SERVICE_NAME, INFOPATH, CONDA_SHLVL, __CFBundleIdentifier, NVM_CD_FLAGS, NVM_DIR, SHELL, OLDPWD, HOMEBREW_CELLAR, USER, TMPDIR, SSH_AUTH_SOCK, _CE_CONDA, XPC_FLAGS, __CF_USER_TEXT_ENCODING, CONDA_PROMPT_MODIFIER, GSETTINGS_SCHEMA_DIR, LC_CTYPE, NVM_BIN, HOME]
2024-11-26T23:20:20.501+0200 [DEBUG] [org.gradle.launcher.daemon.server.SynchronizedDispatchConnection] thread 31: received class org.gradle.launcher.daemon.protocol.CloseInput
2024-11-26T23:20:20.501+0200 [DEBUG] [org.gradle.launcher.daemon.server.DefaultDaemonConnection] thread 31: Received IO message from client: org.gradle.launcher.daemon.protocol.CloseInput@3d188f0d
2024-11-26T23:20:20.501+0200 [DEBUG] [org.gradle.launcher.daemon.server.exec.LogToClient] About to start relaying all logs to the client via the connection.
2024-11-26T23:20:20.501+0200 [INFO] [org.gradle.launcher.daemon.server.exec.LogToClient] The client will now receive all logging from the daemon (pid: 48244). The daemon log file: /Users/orest/AndroidStudioProjects/MobileApplicationLabs/Lab3/daemon/8.4/daemon-48244.out.log
2024-11-26T23:20:20.504+0200 [INFO] [org.gradle.launcher.daemon.server.exec.LogAndCheckHealth] Starting build in new daemon [memory: 2 GiB]
2024-11-26T23:20:20.504+0200 [INFO] [org.gradle.launcher.daemon.server.exec.ForwardClientInput] Closing daemon's stdin at end of input.
2024-11-26T23:20:20.504+0200 [INFO] [org.gradle.launcher.daemon.server.exec.ForwardClientInput] The daemon will no longer process any standard input.
2024-11-26T23:20:20.505+0200 [DEBUG] [org.gradle.launcher.daemon.server.exec.ExecuteBuild] The daemon has started executing the build.
2024-11-26T23:20:20.505+0200 [DEBUG] [org.gradle.launcher.daemon.server.exec.ExecuteBuild] Executing build with daemon context: DefaultDaemonContext[uid=19536d80-3675-44c4-9f75-a233095e0ae6,javaHome=/Applications/Android Studio.app/Contents/jbr/Contents/Home,daemonRegistryDir=/Users/orest/AndroidStudioProjects/MobileApplicationLabs/Lab3/daemon,pid=48244,idleTimeout=10800000,priority=NORMAL,applyInstrumentationAgent=true,daemonOpts=--add-opens=java.base/java.util=ALL-UNNAMED,--add-opens=java.base/java.lang=ALL-UNNAMED,--add-opens=java.base/java.lang.invoke=ALL-UNNAMED,--add-opens=java.prefs/java.util.prefs=ALL-UNNAMED,--add-opens=java.base/java.nio.charset=ALL-UNNAMED,--add-opens=java.base/java.net=ALL-UNNAMED,--add-opens=java.base/java.util.concurrent.atomic=ALL-UNNAMED,-Xmx2048m,-Dfile.encoding=UTF-8,-Duser.country=UA,-Duser.language=uk,-Duser.variant]
Warning: SDK processing. This version only understands SDK XML versions up to 3 but an SDK XML file of version 4 was encountered. This can happen if you use versions of Android Studio and the command-line tools that were released at different times.
Generating lint files for backported methods only (compile API B)

BUILD SUCCESSFUL in 46s
2024-11-26T23:21:00.253+0200 [DEBUG] [org.gradle.launcher.daemon.server.exec.ExecuteBuild] The daemon has finished executing the build.
2024-11-26T23:21:00.276+0200 [DEBUG] [org.gradle.launcher.daemon.server.DaemonStateCoordinator] daemon is running. Sleeping until state changes.
2024-11-26T23:21:00.276+0200 [DEBUG] [org.gradle.launcher.daemon.server.DaemonStateCoordinator] Command execution: finished waiting for DaemonCommandExecution[command = Build{id=cf8e7608-e025-4d45-b761-d51c7b5c6978, currentDir=/Users/orest/AndroidStudioProjects/MobileApplicationLabs/Lab3}, connection = DefaultDaemonConnection: socket connection from /127.0.0.1:52909 to /127.0.0.1:52910]. Result org.gradle.launcher.daemon.server.DaemonStateCoordinator@44156886 with state Busy
2024-11-26T23:21:00.276+0200 [DEBUG] [org.gradle.launcher.daemon.server.DaemonStateCoordinator] Command execution: completed DaemonCommandExecution[command = Build{id=cf8e7608-e025-4d45-b761-d51c7b5c6978, currentDir=/Users/orest/AndroidStudioProjects/MobileApplicationLabs/Lab3}, connection = DefaultDaemonConnection: socket connection from /127.0.0.1:52909 to /127.0.0.1:52910]
2024-11-26T23:21:00.276+0200 [DEBUG] [org.gradle.launcher.daemon.server.DaemonStateCoordinator] resetting idle timer
2024-11-26T23:21:00.277+0200 [INFO] [org.gradle.launcher.daemon.server.DaemonRegistryUpdater] Marking the daemon as idle, address: [7503bf05-68ae-4278-bbe9-cc04d3f55694 port:52909, addresses:[localhost/127.0.0.1]]
2024-11-26T23:21:00.277+0200 [DEBUG] [org.gradle.launcher.daemon.registry.PersistentDaemonRegistry] Marking busy by address: [7503bf05-68ae-4278-bbe9-cc04d3f55694 port:52909, addresses:[localhost/127.0.0.1]]
2024-11-26T23:21:00.279+0200 [DEBUG] [org.gradle.cache.internal.DefaultFileLockManager] Waiting to acquire exclusive lock on daemon addresses registry.
2024-11-26T23:21:00.281+0200 [DEBUG] [org.gradle.cache.internal.DefaultFileLockManager] Lock acquired on daemon addresses registry.
2024-11-26T23:21:00.283+0200 [DEBUG] [org.gradle.cache.internal.DefaultFileLockManager] Releasing lock on daemon addresses registry.
2024-11-26T23:21:00.284+0200 [DEBUG] [org.gradle.launcher.daemon.server.exec.ReturnResult] Daemon is dispatching the build result: Success[value=org.gradle.launcher.exec.BuildActionResult@5c5eaf1b]
2024-11-26T23:21:00.288+0200 [DEBUG] [org.gradle.launcher.daemon.server.SynchronizedDispatchConnection] thread 30: dispatching Success[value=org.gradle.launcher.exec.BuildActionResult@5c5eaf1b]
2024-11-26T23:21:00.287+0200 [DEBUG] [org.gradle.launcher.daemon.server.DaemonStateCoordinator] daemon is running. Sleeping until state changes.
2024-11-26T23:21:00.289+0200 [DEBUG] [org.gradle.launcher.daemon.server.DefaultIncomingConnectionHandler] Finishing executing command: Build{id=cf8e7608-e025-4d45-b761-d51c7b5c6978, currentDir=/Users/orest/AndroidStudioProjects/MobileApplicationLabs/Lab3}
2024-11-26T23:21:00.297+0200 [DEBUG] [org.gradle.launcher.daemon.server.SynchronizedDispatchConnection] thread 31: received class org.gradle.launcher.daemon.protocol.Finished
2024-11-26T23:21:00.298+0200 [DEBUG] [org.gradle.launcher.daemon.server.DefaultDaemonConnection] thread 31: Received non-IO message from client: org.gradle.launcher.daemon.protocol.Finished@43e0199e
2024-11-26T23:21:00.298+0200 [DEBUG] [org.gradle.launcher.daemon.server.DefaultIncomingConnectionHandler] Received finished message: org.gradle.launcher.daemon.protocol.Finished@43e0199e
2024-11-26T23:21:00.298+0200 [DEBUG] [org.gradle.launcher.daemon.server.SynchronizedDispatchConnection] thread 30: stopping connection
2024-11-26T23:21:00.305+0200 [DEBUG] [org.gradle.internal.remote.internal.inet.SocketConnection] Discarding EOFException: java.io.EOFException
2024-11-26T23:21:00.306+0200 [DEBUG] [org.gradle.launcher.daemon.server.SynchronizedDispatchConnection] thread 31: received null
2024-11-26T23:21:00.306+0200 [DEBUG] [org.gradle.launcher.daemon.server.DefaultDaemonConnection] thread 31: Received end-of-input from client.
2024-11-26T23:21:00.310+0200 [DEBUG] [org.gradle.launcher.daemon.server.SynchronizedDispatchConnection] thread 30: stopping connection
2024-11-26T23:21:00.454+0200 [DEBUG] [org.gradle.cache.internal.DefaultFileLockManager] Waiting to acquire shared lock on daemon addresses registry.
2024-11-26T23:21:00.456+0200 [DEBUG] [org.gradle.cache.internal.DefaultFileLockManager] Lock acquired on daemon addresses registry.
2024-11-26T23:21:00.460+0200 [DEBUG] [org.gradle.cache.internal.DefaultFileLockManager] Releasing lock on daemon addresses registry.
2024-11-26T23:21:00.476+0200 [DEBUG] [org.gradle.cache.internal.DefaultFileLockManager] Waiting to acquire shared lock on daemon addresses registry.
2024-11-26T23:21:00.476+0200 [DEBUG] [org.gradle.cache.internal.DefaultFileLockManager] Lock acquired on daemon addresses registry.
2024-11-26T23:21:00.476+0200 [DEBUG] [org.gradle.cache.internal.DefaultFileLockManager] Releasing lock on daemon addresses registry.
2024-11-26T23:21:10.447+0200 [DEBUG] [org.gradle.cache.internal.DefaultFileLockManager] Waiting to acquire shared lock on daemon addresses registry.
2024-11-26T23:21:10.449+0200 [DEBUG] [org.gradle.cache.internal.DefaultFileLockManager] Lock acquired on daemon addresses registry.
2024-11-26T23:21:10.450+0200 [DEBUG] [org.gradle.cache.internal.DefaultFileLockManager] Releasing lock on daemon addresses registry.
2024-11-26T23:21:10.456+0200 [DEBUG] [org.gradle.cache.internal.DefaultFileLockManager] Waiting to acquire shared lock on daemon addresses registry.
2024-11-26T23:21:10.456+0200 [DEBUG] [org.gradle.cache.internal.DefaultFileLockManager] Lock acquired on daemon addresses registry.
2024-11-26T23:21:10.457+0200 [DEBUG] [org.gradle.cache.internal.DefaultFileLockManager] Releasing lock on daemon addresses registry.
2024-11-26T23:21:10.458+0200 [DEBUG] [org.gradle.cache.internal.DefaultFileLockManager] Waiting to acquire shared lock on daemon addresses registry.
2024-11-26T23:21:10.459+0200 [DEBUG] [org.gradle.cache.internal.DefaultFileLockManager] Lock acquired on daemon addresses registry.
2024-11-26T23:21:10.459+0200 [DEBUG] [org.gradle.cache.internal.DefaultFileLockManager] Releasing lock on daemon addresses registry.
2024-11-26T23:21:20.455+0200 [DEBUG] [org.gradle.cache.internal.DefaultFileLockManager] Waiting to acquire shared lock on daemon addresses registry.
2024-11-26T23:21:20.466+0200 [DEBUG] [org.gradle.cache.internal.DefaultFileLockManager] Lock acquired on daemon addresses registry.
2024-11-26T23:21:20.468+0200 [DEBUG] [org.gradle.cache.internal.DefaultFileLockManager] Releasing lock on daemon addresses registry.
2024-11-26T23:21:20.470+0200 [DEBUG] [org.gradle.cache.internal.DefaultFileLockManager] Waiting to acquire shared lock on daemon addresses registry.
2024-11-26T23:21:20.471+0200 [DEBUG] [org.gradle.cache.internal.DefaultFileLockManager] Lock acquired on daemon addresses registry.
2024-11-26T23:21:20.472+0200 [DEBUG] [org.gradle.cache.internal.DefaultFileLockManager] Releasing lock on daemon addresses registry.
2024-11-26T23:21:20.473+0200 [DEBUG] [org.gradle.cache.internal.DefaultFileLockManager] Waiting to acquire shared lock on daemon addresses registry.
2024-11-26T23:21:20.478+0200 [DEBUG] [org.gradle.cache.internal.DefaultFileLockManager] Lock acquired on daemon addresses registry.
2024-11-26T23:21:20.479+0200 [DEBUG] [org.gradle.cache.internal.DefaultFileLockManager] Releasing lock on daemon addresses registry.
2024-11-26T23:21:30.444+0200 [DEBUG] [org.gradle.cache.internal.DefaultFileLockManager] Waiting to acquire shared lock on daemon addresses registry.
2024-11-26T23:21:30.446+0200 [DEBUG] [org.gradle.cache.internal.DefaultFileLockManager] Lock acquired on daemon addresses registry.
2024-11-26T23:21:30.447+0200 [DEBUG] [org.gradle.cache.internal.DefaultFileLockManager] Releasing lock on daemon addresses registry.
2024-11-26T23:21:30.449+0200 [DEBUG] [org.gradle.cache.internal.DefaultFileLockManager] Waiting to acquire shared lock on daemon addresses registry.
2024-11-26T23:21:30.449+0200 [DEBUG] [org.gradle.cache.internal.DefaultFileLockManager] Lock acquired on daemon addresses registry.
2024-11-26T23:21:30.450+0200 [DEBUG] [org.gradle.cache.internal.DefaultFileLockManager] Releasing lock on daemon addresses registry.
2024-11-26T23:21:30.450+0200 [DEBUG] [org.gradle.cache.internal.DefaultFileLockManager] Waiting to acquire shared lock on daemon addresses registry.
2024-11-26T23:21:30.450+0200 [DEBUG] [org.gradle.cache.internal.DefaultFileLockManager] Lock acquired on daemon addresses registry.
2024-11-26T23:21:30.450+0200 [DEBUG] [org.gradle.cache.internal.DefaultFileLockManager] Releasing lock on daemon addresses registry.
2024-11-26T23:21:40.444+0200 [DEBUG] [org.gradle.cache.internal.DefaultFileLockManager] Waiting to acquire shared lock on daemon addresses registry.
2024-11-26T23:21:40.446+0200 [DEBUG] [org.gradle.cache.internal.DefaultFileLockManager] Lock acquired on daemon addresses registry.
2024-11-26T23:21:40.487+0200 [DEBUG] [org.gradle.cache.internal.DefaultFileLockManager] Releasing lock on daemon addresses registry.
2024-11-26T23:21:40.491+0200 [DEBUG] [org.gradle.cache.internal.DefaultFileLockManager] Waiting to acquire shared lock on daemon addresses registry.
2024-11-26T23:21:40.491+0200 [DEBUG] [org.gradle.cache.internal.DefaultFileLockManager] Lock acquired on daemon addresses registry.
2024-11-26T23:21:40.491+0200 [DEBUG] [org.gradle.cache.internal.DefaultFileLockManager] Releasing lock on daemon addresses registry.
2024-11-26T23:21:40.493+0200 [DEBUG] [org.gradle.cache.internal.DefaultFileLockManager] Waiting to acquire shared lock on daemon addresses registry.
2024-11-26T23:21:40.493+0200 [DEBUG] [org.gradle.cache.internal.DefaultFileLockManager] Lock acquired on daemon addresses registry.
2024-11-26T23:21:40.493+0200 [DEBUG] [org.gradle.cache.internal.DefaultFileLockManager] Releasing lock on daemon addresses registry.
2024-11-26T23:21:50.444+0200 [DEBUG] [org.gradle.cache.internal.DefaultFileLockManager] Waiting to acquire shared lock on daemon addresses registry.
2024-11-26T23:21:50.446+0200 [DEBUG] [org.gradle.cache.internal.DefaultFileLockManager] Lock acquired on daemon addresses registry.
2024-11-26T23:21:50.449+0200 [DEBUG] [org.gradle.cache.internal.DefaultFileLockManager] Releasing lock on daemon addresses registry.
2024-11-26T23:21:50.452+0200 [DEBUG] [org.gradle.cache.internal.DefaultFileLockManager] Waiting to acquire shared lock on daemon addresses registry.
2024-11-26T23:21:50.453+0200 [DEBUG] [org.gradle.cache.internal.DefaultFileLockManager] Lock acquired on daemon addresses registry.
2024-11-26T23:21:50.453+0200 [DEBUG] [org.gradle.cache.internal.DefaultFileLockManager] Releasing lock on daemon addresses registry.
2024-11-26T23:21:50.454+0200 [DEBUG] [org.gradle.cache.internal.DefaultFileLockManager] Waiting to acquire shared lock on daemon addresses registry.
2024-11-26T23:21:50.455+0200 [DEBUG] [org.gradle.cache.internal.DefaultFileLockManager] Lock acquired on daemon addresses registry.
2024-11-26T23:21:50.455+0200 [DEBUG] [org.gradle.cache.internal.DefaultFileLockManager] Releasing lock on daemon addresses registry.
2024-11-26T23:21:51.962+0200 [DEBUG] [org.gradle.internal.watch.vfs.impl.WatchingVirtualFileSystem] Handling VFS change MODIFIED /Users/orest/AndroidStudioProjects/MobileApplicationLabs/Lab3/caches/transforms-3/82188b1b3f1b5ffbea4c8cb0d9d036b8/transformed/unzipped-distribution/gradle-8.4/subprojects/docs/src/.DS_Store
2024-11-26T23:22:00.452+0200 [DEBUG] [org.gradle.cache.internal.DefaultFileLockManager] Waiting to acquire shared lock on daemon addresses registry.
2024-11-26T23:22:00.454+0200 [DEBUG] [org.gradle.cache.internal.DefaultFileLockManager] Lock acquired on daemon addresses registry.
2024-11-26T23:22:00.455+0200 [DEBUG] [org.gradle.cache.internal.DefaultFileLockManager] Releasing lock on daemon addresses registry.
2024-11-26T23:22:00.456+0200 [DEBUG] [org.gradle.cache.internal.DefaultFileLockManager] Waiting to acquire shared lock on daemon addresses registry.
2024-11-26T23:22:00.457+0200 [DEBUG] [org.gradle.cache.internal.DefaultFileLockManager] Lock acquired on daemon addresses registry.
2024-11-26T23:22:00.457+0200 [DEBUG] [org.gradle.cache.internal.DefaultFileLockManager] Releasing lock on daemon addresses registry.
2024-11-26T23:22:00.457+0200 [DEBUG] [org.gradle.cache.internal.DefaultFileLockManager] Waiting to acquire shared lock on daemon addresses registry.
2024-11-26T23:22:00.457+0200 [DEBUG] [org.gradle.cache.internal.DefaultFileLockManager] Lock acquired on daemon addresses registry.
2024-11-26T23:22:00.457+0200 [DEBUG] [org.gradle.cache.internal.DefaultFileLockManager] Releasing lock on daemon addresses registry.
2024-11-26T23:22:09.679+0200 [DEBUG] [org.gradle.internal.watch.vfs.impl.WatchingVirtualFileSystem] Handling VFS change CREATED /Users/orest/AndroidStudioProjects/MobileApplicationLabs/Lab3/caches/8.4
2024-11-26T23:22:09.693+0200 [DEBUG] [org.gradle.internal.watch.vfs.impl.WatchingVirtualFileSystem] Handling VFS change CREATED /Users/orest/AndroidStudioProjects/MobileApplicationLabs/Lab3/caches/jars-9
2024-11-26T23:22:09.694+0200 [DEBUG] [org.gradle.internal.watch.vfs.impl.WatchingVirtualFileSystem] Handling VFS change CREATED /Users/orest/AndroidStudioProjects/MobileApplicationLabs/Lab3/caches/modules-2
2024-11-26T23:22:09.705+0200 [DEBUG] [org.gradle.internal.watch.vfs.impl.WatchingVirtualFileSystem] Handling VFS change CREATED /Users/orest/AndroidStudioProjects/MobileApplicationLabs/Lab3/caches/transforms-3
2024-11-26T23:22:10.447+0200 [DEBUG] [org.gradle.cache.internal.DefaultFileLockManager] Waiting to acquire shared lock on daemon addresses registry.
2024-11-26T23:22:10.451+0200 [DEBUG] [org.gradle.cache.internal.DefaultFileLockManager] Lock acquired on daemon addresses registry.
2024-11-26T23:22:10.452+0200 [DEBUG] [org.gradle.cache.internal.DefaultFileLockManager] Releasing lock on daemon addresses registry.
2024-11-26T23:22:10.453+0200 [DEBUG] [org.gradle.cache.internal.DefaultFileLockManager] Waiting to acquire shared lock on daemon addresses registry.
2024-11-26T23:22:10.453+0200 [DEBUG] [org.gradle.cache.internal.DefaultFileLockManager] Lock acquired on daemon addresses registry.
2024-11-26T23:22:10.454+0200 [DEBUG] [org.gradle.cache.internal.DefaultFileLockManager] Releasing lock on daemon addresses registry.
2024-11-26T23:22:10.454+0200 [DEBUG] [org.gradle.cache.internal.DefaultFileLockManager] Waiting to acquire shared lock on daemon addresses registry.
2024-11-26T23:22:10.454+0200 [DEBUG] [org.gradle.cache.internal.DefaultFileLockManager] Lock acquired on daemon addresses registry.
2024-11-26T23:22:10.455+0200 [DEBUG] [org.gradle.cache.internal.DefaultFileLockManager] Releasing lock on daemon addresses registry.
